[{"line":1,"elements":[{"start_timestamp":"2023-06-27T05:51:17.223Z","before":[{"result":{"duration":15027300,"status":"passed"},"match":{"location":"StepDefination.steps.setup()"}}],"line":3,"name":"Successful Login with Valid Credentials","description":"","id":"login-with-valid-credentials;successful-login-with-valid-credentials","after":[{"result":{"error_message":"org.openqa.selenium.NoSuchWindowException: no such window: target window already closed\nfrom unknown error: web view not found\n  (Session info: chrome=114.0.5735.134)\nBuild info: version: '4.10.0', revision: 'c14d967899'\nSystem info: os.name: 'Windows 10', os.arch: 'amd64', os.version: '10.0', java.version: '17.0.1'\nDriver info: org.openqa.selenium.chrome.ChromeDriver\nCommand: [98176ff3ad3de52af1e6e84bbe0243f7, screenshot {}]\nCapabilities {acceptInsecureCerts: false, browserName: chrome, browserVersion: 114.0.5735.134, chrome: {chromedriverVersion: 114.0.5735.90 (386bc09e8f4f..., userDataDir: C:\\Users\\RUDRAN~1\\AppData\\L...}, goog:chromeOptions: {debuggerAddress: localhost:57770}, networkConnectionEnabled: false, pageLoadStrategy: normal, platformName: windows, proxy: Proxy(), se:cdp: ws://localhost:57770/devtoo..., se:cdpVersion: 114.0.5735.134, setWindowRect: true, strictFileInteractability: false, timeouts: {implicit: 0, pageLoad: 300000, script: 30000}, unhandledPromptBehavior: dismiss and notify, webauthn:extension:credBlob: true, webauthn:extension:largeBlob: true, webauthn:extension:minPinLength: true, webauthn:extension:prf: true, webauthn:virtualAuthenticators: true}\nSession ID: 98176ff3ad3de52af1e6e84bbe0243f7\r\n\tat java.base/jdk.internal.reflect.NativeConstructorAccessorImpl.newInstance0(Native Method)\r\n\tat java.base/jdk.internal.reflect.NativeConstructorAccessorImpl.newInstance(NativeConstructorAccessorImpl.java:77)\r\n\tat java.base/jdk.internal.reflect.DelegatingConstructorAccessorImpl.newInstance(DelegatingConstructorAccessorImpl.java:45)\r\n\tat java.base/java.lang.reflect.Constructor.newInstanceWithCaller(Constructor.java:499)\r\n\tat java.base/java.lang.reflect.Constructor.newInstance(Constructor.java:480)\r\n\tat org.openqa.selenium.remote.codec.w3c.W3CHttpResponseCodec.createException(W3CHttpResponseCodec.java:199)\r\n\tat org.openqa.selenium.remote.codec.w3c.W3CHttpResponseCodec.decode(W3CHttpResponseCodec.java:132)\r\n\tat org.openqa.selenium.remote.codec.w3c.W3CHttpResponseCodec.decode(W3CHttpResponseCodec.java:51)\r\n\tat org.openqa.selenium.remote.HttpCommandExecutor.execute(HttpCommandExecutor.java:191)\r\n\tat org.openqa.selenium.remote.service.DriverCommandExecutor.invokeExecute(DriverCommandExecutor.java:196)\r\n\tat org.openqa.selenium.remote.service.DriverCommandExecutor.execute(DriverCommandExecutor.java:171)\r\n\tat org.openqa.selenium.remote.RemoteWebDriver.execute(RemoteWebDriver.java:531)\r\n\tat org.openqa.selenium.remote.RemoteWebDriver.execute(RemoteWebDriver.java:590)\r\n\tat org.openqa.selenium.remote.RemoteWebDriver.execute(RemoteWebDriver.java:594)\r\n\tat org.openqa.selenium.remote.RemoteWebDriver.getScreenshotAs(RemoteWebDriver.java:316)\r\n\tat StepDefination.steps.tearDown(steps.java:54)\r\n","duration":27940700,"status":"failed"},"match":{"location":"StepDefination.steps.tearDown(io.cucumber.java.Scenario)"}}],"type":"scenario","keyword":"Scenario","steps":[{"result":{"error_message":"org.openqa.selenium.NoSuchElementException: Unable to find element with locator By.id: i0116\nFor documentation on this error, please visit: https://www.selenium.dev/documentation/webdriver/troubleshooting/errors#no-such-element-exception\nBuild info: version: '4.10.0', revision: 'c14d967899'\nSystem info: os.name: 'Windows 10', os.arch: 'amd64', os.version: '10.0', java.version: '17.0.1'\nDriver info: driver.version: RemoteWebDriver\r\n\tat org.openqa.selenium.remote.ElementLocation$ElementFinder$2.findElement(ElementLocation.java:168)\r\n\tat org.openqa.selenium.remote.ElementLocation.findElement(ElementLocation.java:66)\r\n\tat org.openqa.selenium.remote.RemoteWebDriver.findElement(RemoteWebDriver.java:350)\r\n\tat org.openqa.selenium.remote.RemoteWebDriver.findElement(RemoteWebDriver.java:344)\r\n\tat mainProject.featuredNews.FeaturedNewsPage.login(FeaturedNewsPage.java:33)\r\n\tat StepDefination.steps.user_login(steps.java:64)\r\n\tat âœ½.user login(file:///E:/java/featuredNews/./Feature/News.feature:5)\r\n","duration":5785697600,"status":"failed"},"line":5,"name":"user login","match":{"location":"StepDefination.steps.user_login()"},"keyword":"When "},{"result":{"status":"skipped"},"line":6,"name":"User navigates to be.cognizant","match":{"location":"StepDefination.steps.user_navigates_to_be_cognizant()"},"keyword":"Then "},{"result":{"duration":1010300,"status":"skipped"},"line":7,"name":"capture Heading","match":{"location":"StepDefination.steps.capture_heading()"},"keyword":"Then "},{"result":{"duration":3523900,"status":"skipped"},"line":8,"name":"capture Paragraph","match":{"location":"StepDefination.steps.capture_paragraph()"},"keyword":"Then "}],"tags":[{"name":"@Sanity"}]}],"name":"Login with Valid Credentials","description":"","id":"login-with-valid-credentials","keyword":"Feature","uri":"file:Feature/News.feature","tags":[]}]